<?xml version="1.0" encoding="UTF-8"?>
<!-- Generated by org.testng.reporters.JUnitReportReporter -->
<testsuite hostname="TRBIR0RI3KICQSJ" name="top.cases.Login_Test" tests="1" failures="0" timestamp="8 May 2017 08:12:10 GMT" time="29.107" errors="0">
  <testcase name="testLogin" time="29.107" classname="top.cases.Login_Test"/>
</testsuite> <!-- top.cases.Login_Test -->
