<?xml version="1.0" encoding="UTF-8"?>
<!-- Generated by org.testng.reporters.JUnitReportReporter -->
<testsuite hostname="TRBIR0RI3KICQSJ" name="top.cases.Case_login" tests="1" failures="0" timestamp="8 May 2017 07:14:27 GMT" time="16.362" errors="0">
  <testcase name="testLogin" time="16.362" classname="top.cases.Case_login"/>
</testsuite> <!-- top.cases.Case_login -->
