<?xml version="1.0" encoding="UTF-8"?>
<!-- Generated by org.testng.reporters.JUnitReportReporter -->
<testsuite hostname="TRBIR0RI3KICQSJ" name="top.cases.ProfileSetting_Test" tests="1" failures="0" timestamp="10 May 2017 06:20:17 GMT" time="6.665" errors="0">
  <testcase name="testSetting" time="6.665" classname="top.cases.ProfileSetting_Test"/>
</testsuite> <!-- top.cases.ProfileSetting_Test -->
