<?xml version="1.0" encoding="UTF-8"?>
<!-- Generated by org.testng.reporters.JUnitReportReporter -->
<testsuite hostname="TRBIR0RI3KICQSJ" name="top.cases.ProfileSetting_Test" tests="1" failures="0" timestamp="11 May 2017 06:43:09 GMT" time="5.536" errors="0">
  <testcase name="testSetting" time="5.536" classname="top.cases.ProfileSetting_Test"/>
</testsuite> <!-- top.cases.ProfileSetting_Test -->
