<?xml version="1.0" encoding="UTF-8"?>
<!-- Generated by org.testng.reporters.JUnitReportReporter -->
<testsuite hostname="TRBIR0RI3KICQSJ" name="top.cases.Login_Test" tests="1" failures="0" timestamp="10 May 2017 06:20:17 GMT" time="30.000" errors="0">
  <testcase name="testLogin" time="30.000" classname="top.cases.Login_Test"/>
</testsuite> <!-- top.cases.Login_Test -->
